[0.012s] Invoking command in '/home/lens/pib_ws/build/my_pib_description': CMAKE_PREFIX_PATH=${CMAKE_PREFIX_PATH}:/opt/ros/humble /usr/bin/cmake --build /home/lens/pib_ws/build/my_pib_description -- -j18 -l18
[0.047s] Invoked command in '/home/lens/pib_ws/build/my_pib_description' returned '0': CMAKE_PREFIX_PATH=${CMAKE_PREFIX_PATH}:/opt/ros/humble /usr/bin/cmake --build /home/lens/pib_ws/build/my_pib_description -- -j18 -l18
[0.058s] Invoking command in '/home/lens/pib_ws/build/my_pib_description': CMAKE_PREFIX_PATH=${CMAKE_PREFIX_PATH}:/opt/ros/humble /usr/bin/cmake --install /home/lens/pib_ws/build/my_pib_description
[0.065s] -- Install configuration: ""
[0.065s] -- Up-to-date: /home/lens/pib_ws/install/my_pib_description/share/my_pib_description/launch
[0.065s] -- Up-to-date: /home/lens/pib_ws/install/my_pib_description/share/my_pib_description/rviz
[0.065s] -- Up-to-date: /home/lens/pib_ws/install/my_pib_description/share/my_pib_description/urdf
[0.065s] -- Up-to-date: /home/lens/pib_ws/install/my_pib_description/share/my_pib_description/urdf/urdf_thumb_rotator_right.stl
[0.065s] -- Up-to-date: /home/lens/pib_ws/install/my_pib_description/share/my_pib_description/urdf/urdf_elbow-lower.stl
[0.066s] -- Up-to-date: /home/lens/pib_ws/install/my_pib_description/share/my_pib_description/urdf/urdf_palm_right.stl
[0.066s] -- Up-to-date: /home/lens/pib_ws/install/my_pib_description/share/my_pib_description/urdf/urdf_forearm.stl
[0.066s] -- Up-to-date: /home/lens/pib_ws/install/my_pib_description/share/my_pib_description/urdf/urdf_camera_link.stl
[0.066s] -- Up-to-date: /home/lens/pib_ws/install/my_pib_description/share/my_pib_description/urdf/robot.urdf
[0.066s] -- Up-to-date: /home/lens/pib_ws/install/my_pib_description/share/my_pib_description/urdf/urdf_head.stl
[0.066s] -- Up-to-date: /home/lens/pib_ws/install/my_pib_description/share/my_pib_description/urdf/urdf_body.stl
[0.066s] -- Up-to-date: /home/lens/pib_ws/install/my_pib_description/share/my_pib_description/urdf/urdf_finger_distal.stl
[0.066s] -- Up-to-date: /home/lens/pib_ws/install/my_pib_description/share/my_pib_description/urdf/urdf_elbow-upper.stl
[0.066s] -- Up-to-date: /home/lens/pib_ws/install/my_pib_description/share/my_pib_description/urdf/urdf_head_base.stl
[0.066s] -- Up-to-date: /home/lens/pib_ws/install/my_pib_description/share/my_pib_description/urdf/urdf_shoulder_vertical.stl
[0.066s] -- Up-to-date: /home/lens/pib_ws/install/my_pib_description/share/my_pib_description/urdf/urdf_shoulder_horizontal.stl
[0.066s] -- Up-to-date: /home/lens/pib_ws/install/my_pib_description/share/my_pib_description/urdf/urdf_palm_left.stl
[0.066s] -- Up-to-date: /home/lens/pib_ws/install/my_pib_description/share/my_pib_description/urdf/urdf_finger_proximal.stl
[0.066s] -- Up-to-date: /home/lens/pib_ws/install/my_pib_description/share/my_pib_description/urdf/urdf_thumb_rotator_left.stl
[0.066s] -- Up-to-date: /home/lens/pib_ws/install/my_pib_description/share/my_pib_description/meshes/meshes
[0.066s] -- Up-to-date: /home/lens/pib_ws/install/my_pib_description/share/my_pib_description/meshes/meshes/urdf_thumb_rotator_right.stl
[0.067s] -- Up-to-date: /home/lens/pib_ws/install/my_pib_description/share/my_pib_description/meshes/meshes/urdf_elbow-lower.stl
[0.067s] -- Up-to-date: /home/lens/pib_ws/install/my_pib_description/share/my_pib_description/meshes/meshes/urdf_palm_right.stl
[0.067s] -- Up-to-date: /home/lens/pib_ws/install/my_pib_description/share/my_pib_description/meshes/meshes/urdf_forearm.stl
[0.067s] -- Up-to-date: /home/lens/pib_ws/install/my_pib_description/share/my_pib_description/meshes/meshes/urdf_camera_link.stl
[0.067s] -- Up-to-date: /home/lens/pib_ws/install/my_pib_description/share/my_pib_description/meshes/meshes/urdf_head.stl
[0.067s] -- Up-to-date: /home/lens/pib_ws/install/my_pib_description/share/my_pib_description/meshes/meshes/.gitkeep
[0.067s] -- Up-to-date: /home/lens/pib_ws/install/my_pib_description/share/my_pib_description/meshes/meshes/urdf_body.stl
[0.067s] -- Up-to-date: /home/lens/pib_ws/install/my_pib_description/share/my_pib_description/meshes/meshes/urdf_finger_distal.stl
[0.067s] -- Up-to-date: /home/lens/pib_ws/install/my_pib_description/share/my_pib_description/meshes/meshes/urdf_elbow-upper.stl
[0.067s] -- Up-to-date: /home/lens/pib_ws/install/my_pib_description/share/my_pib_description/meshes/meshes/urdf_head_base.stl
[0.067s] -- Up-to-date: /home/lens/pib_ws/install/my_pib_description/share/my_pib_description/meshes/meshes/urdf_shoulder_vertical.stl
[0.067s] -- Up-to-date: /home/lens/pib_ws/install/my_pib_description/share/my_pib_description/meshes/meshes/urdf_shoulder_horizontal.stl
[0.067s] -- Up-to-date: /home/lens/pib_ws/install/my_pib_description/share/my_pib_description/meshes/meshes/urdf_palm_left.stl
[0.067s] -- Up-to-date: /home/lens/pib_ws/install/my_pib_description/share/my_pib_description/meshes/meshes/urdf_finger_proximal.stl
[0.067s] -- Up-to-date: /home/lens/pib_ws/install/my_pib_description/share/my_pib_description/meshes/meshes/urdf_thumb_rotator_left.stl
[0.067s] -- Up-to-date: /home/lens/pib_ws/install/my_pib_description/share/ament_index/resource_index/package_run_dependencies/my_pib_description
[0.068s] -- Up-to-date: /home/lens/pib_ws/install/my_pib_description/share/ament_index/resource_index/parent_prefix_path/my_pib_description
[0.068s] -- Up-to-date: /home/lens/pib_ws/install/my_pib_description/share/my_pib_description/environment/ament_prefix_path.sh
[0.068s] -- Up-to-date: /home/lens/pib_ws/install/my_pib_description/share/my_pib_description/environment/ament_prefix_path.dsv
[0.068s] -- Up-to-date: /home/lens/pib_ws/install/my_pib_description/share/my_pib_description/environment/path.sh
[0.068s] -- Up-to-date: /home/lens/pib_ws/install/my_pib_description/share/my_pib_description/environment/path.dsv
[0.068s] -- Up-to-date: /home/lens/pib_ws/install/my_pib_description/share/my_pib_description/local_setup.bash
[0.068s] -- Up-to-date: /home/lens/pib_ws/install/my_pib_description/share/my_pib_description/local_setup.sh
[0.068s] -- Up-to-date: /home/lens/pib_ws/install/my_pib_description/share/my_pib_description/local_setup.zsh
[0.068s] -- Up-to-date: /home/lens/pib_ws/install/my_pib_description/share/my_pib_description/local_setup.dsv
[0.068s] -- Installing: /home/lens/pib_ws/install/my_pib_description/share/my_pib_description/package.dsv
[0.068s] -- Up-to-date: /home/lens/pib_ws/install/my_pib_description/share/ament_index/resource_index/packages/my_pib_description
[0.068s] -- Up-to-date: /home/lens/pib_ws/install/my_pib_description/share/my_pib_description/cmake/my_pib_descriptionConfig.cmake
[0.068s] -- Up-to-date: /home/lens/pib_ws/install/my_pib_description/share/my_pib_description/cmake/my_pib_descriptionConfig-version.cmake
[0.068s] -- Up-to-date: /home/lens/pib_ws/install/my_pib_description/share/my_pib_description/package.xml
[0.068s] Invoked command in '/home/lens/pib_ws/build/my_pib_description' returned '0': CMAKE_PREFIX_PATH=${CMAKE_PREFIX_PATH}:/opt/ros/humble /usr/bin/cmake --install /home/lens/pib_ws/build/my_pib_description
